<?xml version="1.0" encoding="UTF-8"?>
<coverage generated="1698147423841" clover="3.2.0">
  <project timestamp="1698147423841" name="All files">
    <metrics statements="24" coveredstatements="24" conditionals="18" coveredconditionals="15" methods="2" coveredmethods="2" elements="44" coveredelements="41" complexity="0" loc="24" ncloc="24" packages="2" files="2" classes="2"/>
    <package name="__fixtures__">
      <metrics statements="1" coveredstatements="1" conditionals="0" coveredconditionals="0" methods="0" coveredmethods="0"/>
      <file name="result.js" path="/home/kanat/frontend-project-46/__fixtures__/result.js">
        <metrics statements="1" coveredstatements="1" conditionals="0" coveredconditionals="0" methods="0" coveredmethods="0"/>
        <line num="1" count="1" type="stmt"/>
      </file>
    </package>
    <package name="src">
      <metrics statements="23" coveredstatements="23" conditionals="18" coveredconditionals="15" methods="2" coveredmethods="2"/>
      <file name="index.js" path="/home/kanat/frontend-project-46/src/index.js">
        <metrics statements="23" coveredstatements="23" conditionals="18" coveredconditionals="15" methods="2" coveredmethods="2"/>
        <line num="5" count="2" type="cond" truecount="1" falsecount="1"/>
        <line num="9" count="1" type="stmt"/>
        <line num="10" count="1" type="stmt"/>
        <line num="11" count="1" type="stmt"/>
        <line num="13" count="1" type="stmt"/>
        <line num="14" count="1" type="stmt"/>
        <line num="16" count="1" type="stmt"/>
        <line num="17" count="1" type="stmt"/>
        <line num="19" count="1" type="stmt"/>
        <line num="21" count="1" type="stmt"/>
        <line num="22" count="1" type="stmt"/>
        <line num="23" count="5" type="cond" truecount="4" falsecount="0"/>
        <line num="24" count="2" type="stmt"/>
        <line num="25" count="3" type="cond" truecount="4" falsecount="0"/>
        <line num="26" count="1" type="stmt"/>
        <line num="27" count="2" type="cond" truecount="3" falsecount="1"/>
        <line num="28" count="2" type="cond" truecount="2" falsecount="0"/>
        <line num="29" count="1" type="stmt"/>
        <line num="30" count="1" type="cond" truecount="1" falsecount="1"/>
        <line num="31" count="1" type="stmt"/>
        <line num="32" count="1" type="stmt"/>
        <line num="36" count="1" type="stmt"/>
        <line num="37" count="1" type="stmt"/>
      </file>
    </package>
  </project>
</coverage>
