{"/home/kanat/frontend-project-46/__fixtures__/result.js": {"path":"/home/kanat/frontend-project-46/__fixtures__/result.js","statementMap":{"0":{"start":{"line":1,"column":15},"end":{"line":8,"column":2}}},"fnMap":{},"branchMap":{},"s":{"0":1},"f":{},"b":{},"_coverageSchema":"1a1c01bbd47fc00a2c39e90264f33305004495a9","hash":"1cd8959d2347abea55e60e2199d2be039cd6a910"}
,"/home/kanat/frontend-project-46/src/index.js": {"path":"/home/kanat/frontend-project-46/src/index.js","statementMap":{"0":{"start":{"line":5,"column":20},"end":{"line":7,"column":60}},"1":{"start":{"line":5,"column":35},"end":{"line":7,"column":59}},"2":{"start":{"line":9,"column":16},"end":{"line":38,"column":1}},"3":{"start":{"line":10,"column":16},"end":{"line":10,"column":38}},"4":{"start":{"line":11,"column":16},"end":{"line":11,"column":38}},"5":{"start":{"line":13,"column":16},"end":{"line":13,"column":44}},"6":{"start":{"line":14,"column":16},"end":{"line":14,"column":44}},"7":{"start":{"line":16,"column":16},"end":{"line":16,"column":33}},"8":{"start":{"line":17,"column":16},"end":{"line":17,"column":33}},"9":{"start":{"line":19,"column":15},"end":{"line":19,"column":69}},"10":{"start":{"line":21,"column":17},"end":{"line":21,"column":22}},"11":{"start":{"line":22,"column":2},"end":{"line":35,"column":3}},"12":{"start":{"line":23,"column":4},"end":{"line":34,"column":5}},"13":{"start":{"line":24,"column":6},"end":{"line":24,"column":46}},"14":{"start":{"line":25,"column":11},"end":{"line":34,"column":5}},"15":{"start":{"line":26,"column":6},"end":{"line":26,"column":46}},"16":{"start":{"line":27,"column":11},"end":{"line":34,"column":5}},"17":{"start":{"line":28,"column":6},"end":{"line":33,"column":7}},"18":{"start":{"line":29,"column":8},"end":{"line":29,"column":48}},"19":{"start":{"line":30,"column":13},"end":{"line":33,"column":7}},"20":{"start":{"line":31,"column":8},"end":{"line":31,"column":48}},"21":{"start":{"line":32,"column":8},"end":{"line":32,"column":48}},"22":{"start":{"line":36,"column":2},"end":{"line":36,"column":18}},"23":{"start":{"line":37,"column":2},"end":{"line":37,"column":26}}},"fnMap":{"0":{"name":"(anonymous_0)","decl":{"start":{"line":5,"column":20},"end":{"line":5,"column":21}},"loc":{"start":{"line":5,"column":35},"end":{"line":7,"column":59}},"line":5},"1":{"name":"(anonymous_1)","decl":{"start":{"line":9,"column":16},"end":{"line":9,"column":17}},"loc":{"start":{"line":9,"column":42},"end":{"line":38,"column":1}},"line":9}},"branchMap":{"0":{"loc":{"start":{"line":5,"column":35},"end":{"line":7,"column":59}},"type":"cond-expr","locations":[{"start":{"line":6,"column":4},"end":{"line":6,"column":41}},{"start":{"line":7,"column":4},"end":{"line":7,"column":59}}],"line":5},"1":{"loc":{"start":{"line":23,"column":4},"end":{"line":34,"column":5}},"type":"if","locations":[{"start":{"line":23,"column":4},"end":{"line":34,"column":5}},{"start":{"line":25,"column":11},"end":{"line":34,"column":5}}],"line":23},"2":{"loc":{"start":{"line":23,"column":8},"end":{"line":23,"column":63}},"type":"binary-expr","locations":[{"start":{"line":23,"column":8},"end":{"line":23,"column":33}},{"start":{"line":23,"column":37},"end":{"line":23,"column":63}}],"line":23},"3":{"loc":{"start":{"line":25,"column":11},"end":{"line":34,"column":5}},"type":"if","locations":[{"start":{"line":25,"column":11},"end":{"line":34,"column":5}},{"start":{"line":27,"column":11},"end":{"line":34,"column":5}}],"line":25},"4":{"loc":{"start":{"line":25,"column":15},"end":{"line":25,"column":70}},"type":"binary-expr","locations":[{"start":{"line":25,"column":15},"end":{"line":25,"column":41}},{"start":{"line":25,"column":45},"end":{"line":25,"column":70}}],"line":25},"5":{"loc":{"start":{"line":27,"column":11},"end":{"line":34,"column":5}},"type":"if","locations":[{"start":{"line":27,"column":11},"end":{"line":34,"column":5}},{"start":{},"end":{}}],"line":27},"6":{"loc":{"start":{"line":27,"column":15},"end":{"line":27,"column":69}},"type":"binary-expr","locations":[{"start":{"line":27,"column":15},"end":{"line":27,"column":40}},{"start":{"line":27,"column":44},"end":{"line":27,"column":69}}],"line":27},"7":{"loc":{"start":{"line":28,"column":6},"end":{"line":33,"column":7}},"type":"if","locations":[{"start":{"line":28,"column":6},"end":{"line":33,"column":7}},{"start":{"line":30,"column":13},"end":{"line":33,"column":7}}],"line":28},"8":{"loc":{"start":{"line":30,"column":13},"end":{"line":33,"column":7}},"type":"if","locations":[{"start":{"line":30,"column":13},"end":{"line":33,"column":7}},{"start":{},"end":{}}],"line":30}},"s":{"0":1,"1":2,"2":1,"3":1,"4":1,"5":1,"6":1,"7":1,"8":1,"9":1,"10":1,"11":1,"12":5,"13":2,"14":3,"15":1,"16":2,"17":2,"18":1,"19":1,"20":1,"21":1,"22":1,"23":1},"f":{"0":2,"1":1},"b":{"0":[0,2],"1":[2,3],"2":[5,4],"3":[1,2],"4":[3,1],"5":[2,0],"6":[2,2],"7":[1,1],"8":[1,0]},"_coverageSchema":"1a1c01bbd47fc00a2c39e90264f33305004495a9","hash":"59fa09ac85cffb3762116c0172e97379d02b4a8b"}
}
