TN:
SF:__fixtures__/result.js
FNF:0
FNH:0
DA:1,1
LF:1
LH:1
BRF:0
BRH:0
end_of_record
TN:
SF:src/index.js
FN:5,(anonymous_0)
FN:9,(anonymous_1)
FNF:2
FNH:2
FNDA:2,(anonymous_0)
FNDA:1,(anonymous_1)
DA:5,2
DA:9,1
DA:10,1
DA:11,1
DA:13,1
DA:14,1
DA:16,1
DA:17,1
DA:19,1
DA:21,1
DA:22,1
DA:23,5
DA:24,2
DA:25,3
DA:26,1
DA:27,2
DA:28,2
DA:29,1
DA:30,1
DA:31,1
DA:32,1
DA:36,1
DA:37,1
LF:23
LH:23
BRDA:5,0,0,0
BRDA:5,0,1,2
BRDA:23,1,0,2
BRDA:23,1,1,3
BRDA:23,2,0,5
BRDA:23,2,1,4
BRDA:25,3,0,1
BRDA:25,3,1,2
BRDA:25,4,0,3
BRDA:25,4,1,1
BRDA:27,5,0,2
BRDA:27,5,1,0
BRDA:27,6,0,2
BRDA:27,6,1,2
BRDA:28,7,0,1
BRDA:28,7,1,1
BRDA:30,8,0,1
BRDA:30,8,1,0
BRF:18
BRH:15
end_of_record
